{"name": "Раздел \"Лента заказов\". Проверка отображения заказов пользователя на странице «Лента заказов» из раздела «История заказов»", "status": "broken", "statusDetails": {"message": "selenium.common.exceptions.TimeoutException: Message: \nStacktrace:\nRemoteError@chrome://remote/content/shared/RemoteError.sys.mjs:8:8\nWebDriverError@chrome://remote/content/shared/webdriver/Errors.sys.mjs:189:5\nNoSuchElementError@chrome://remote/content/shared/webdriver/Errors.sys.mjs:507:5\ndom.find/</<@chrome://remote/content/shared/DOM.sys.mjs:132:16", "trace": "self = <tests.test_list_of_orders.TestListOfOrders object at 0x000001A3A7891050>, get_user_name_email_password = {'email': 'lisa57@example.com', 'name': 'test', 'password': 5543006}, login = <function login.<locals>._login at 0x000001A3A7B69E40>\n\n    @allure.title('Раздел \"Лента заказов\". Проверка отображения заказов пользователя на странице «Лента заказов» из раздела «История заказов»')\n    def test_check_history_of_orders_in_list_of_orders(self, get_user_name_email_password, login):\n        user_data = get_user_name_email_password\n        stellar_burgers_main_page = login(user_data['email'], user_data['password'])\n        stellar_burgers_main_page.add_bun_ingredient_to_order()\n        stellar_burgers_main_page.click_on_create_order_button()\n        stellar_burgers_main_page.close_opened_ingredient_modal_window()\n        stellar_burgers_personal_account_page = stellar_burgers_main_page.go_to_personal_account()\n        stellar_burgers_personal_account_page.click_on_orders_history_button()\n>       order_id = stellar_burgers_personal_account_page.get_order_id()\n\ntests\\test_list_of_orders.py:23: \n_ _ _ _ _ _ _ _ _ _ _ _ _ _ _ _ _ _ _ _ _ _ _ _ _ _ _ _ _ _ _ _ _ _ _ _ _ _ _ _ _ _ _ _ _ _ _ _ _ _ _ _ _ _ _ _ _ _ _ _ _ _ _ _ _ _ _ _ _ _ _ _ _ _ _ _ _ _ _ _ _ _ _ _ _ _ _ _ _ _ _ _ _ _ _ _ _ _ _ _ _ _ _ _ _ _ _ _ _ _ _ _ _ _ _ _ _ _ _ _ _ _ _ _ _ _ _ _ _ _ _ _ _ _ \npages\\stellar_burgers_personal_account_page.py:23: in get_order_id\n    return self.get_element_text(self.order_id)\npages\\base_page.py:68: in get_element_text\n    return self.find_element(locator).text\npages\\base_page.py:42: in find_element\n    return WebDriverWait(self.driver, 10).until(\n_ _ _ _ _ _ _ _ _ _ _ _ _ _ _ _ _ _ _ _ _ _ _ _ _ _ _ _ _ _ _ _ _ _ _ _ _ _ _ _ _ _ _ _ _ _ _ _ _ _ _ _ _ _ _ _ _ _ _ _ _ _ _ _ _ _ _ _ _ _ _ _ _ _ _ _ _ _ _ _ _ _ _ _ _ _ _ _ _ _ _ _ _ _ _ _ _ _ _ _ _ _ _ _ _ _ _ _ _ _ _ _ _ _ _ _ _ _ _ _ _ _ _ _ _ _ _ _ _ _ _ _ _ _ \n\nself = <selenium.webdriver.support.wait.WebDriverWait (session=\"5a131a7d-449f-4811-b2bd-1e4440fdb8d0\")>, method = <function visibility_of_element_located.<locals>._predicate at 0x000001A3A787B7E0>, message = ''\n\n    def until(self, method, message: str = \"\"):\n        \"\"\"Calls the method provided with the driver as an argument until the \\\n        return value does not evaluate to ``False``.\n    \n        :param method: callable(WebDriver)\n        :param message: optional message for :exc:`TimeoutException`\n        :returns: the result of the last call to `method`\n        :raises: :exc:`selenium.common.exceptions.TimeoutException` if timeout occurs\n        \"\"\"\n        screen = None\n        stacktrace = None\n    \n        end_time = time.monotonic() + self._timeout\n        while True:\n            try:\n                value = method(self._driver)\n                if value:\n                    return value\n            except self._ignored_exceptions as exc:\n                screen = getattr(exc, \"screen\", None)\n                stacktrace = getattr(exc, \"stacktrace\", None)\n            time.sleep(self._poll)\n            if time.monotonic() > end_time:\n                break\n>       raise TimeoutException(message, screen, stacktrace)\nE       selenium.common.exceptions.TimeoutException: Message: \nE       Stacktrace:\nE       RemoteError@chrome://remote/content/shared/RemoteError.sys.mjs:8:8\nE       WebDriverError@chrome://remote/content/shared/webdriver/Errors.sys.mjs:189:5\nE       NoSuchElementError@chrome://remote/content/shared/webdriver/Errors.sys.mjs:507:5\nE       dom.find/</<@chrome://remote/content/shared/DOM.sys.mjs:132:16\n\n..\\..\\..\\AppData\\Local\\Programs\\Python\\Python311\\Lib\\site-packages\\selenium\\webdriver\\support\\wait.py:95: TimeoutException"}, "steps": [{"name": "Клик на кнопку \"Личный Кабинет", "status": "passed", "steps": [{"name": "Кликнуть по элементу", "status": "passed", "steps": [{"name": "Найти элемент", "status": "passed", "parameters": [{"name": "locator", "value": "('xpath', '//p[contains(text(), \"Личный Кабинет\")]/parent::a')"}], "start": 1702128382698, "stop": 1702128382706}], "parameters": [{"name": "locator", "value": "('xpath', '//p[contains(text(), \"Личный Кабинет\")]/parent::a')"}], "start": 1702128382152, "stop": 1702128382962}], "start": 1702128382151, "stop": 1702128382962}, {"name": "Заполнить поле \"Email\"", "status": "passed", "steps": [{"name": "Заполнить поле", "status": "passed", "steps": [{"name": "Найти элемент", "status": "passed", "parameters": [{"name": "locator", "value": "('xpath', './/label[text()=\"Email\"]/following-sibling::input')"}], "start": 1702128382962, "stop": 1702128382969}], "parameters": [{"name": "locator", "value": "('xpath', './/label[text()=\"Email\"]/following-sibling::input')"}, {"name": "data", "value": "'lisa57@example.com'"}], "start": 1702128382962, "stop": 1702128382999}], "parameters": [{"name": "email", "value": "'lisa57@example.com'"}], "start": 1702128382962, "stop": 1702128382999}, {"name": "Заполнить поле \"Пароль\"", "status": "passed", "steps": [{"name": "Заполнить поле", "status": "passed", "steps": [{"name": "Найти элемент", "status": "passed", "parameters": [{"name": "locator", "value": "('xpath', './/label[text()=\"Пароль\"]/following-sibling::input')"}], "start": 1702128383000, "stop": 1702128383008}], "parameters": [{"name": "locator", "value": "('xpath', './/label[text()=\"Пароль\"]/following-sibling::input')"}, {"name": "data", "value": "5543006"}], "start": 1702128383000, "stop": 1702128383017}], "parameters": [{"name": "password", "value": "5543006"}], "start": 1702128382999, "stop": 1702128383017}, {"name": "Клик на кнопку \"Войти\"", "status": "passed", "steps": [{"name": "Кликнуть по элементу", "status": "passed", "steps": [{"name": "Найти элемент", "status": "passed", "parameters": [{"name": "locator", "value": "('xpath', './/button[text()=\"Войти\"]')"}], "start": 1702128383024, "stop": 1702128383032}], "parameters": [{"name": "locator", "value": "('xpath', './/button[text()=\"Войти\"]')"}], "start": 1702128383017, "stop": 1702128383258}], "start": 1702128383017, "stop": 1702128383258}, {"name": "Добавить булки в конструктор", "status": "passed", "steps": [{"name": "Найти элемент", "status": "passed", "parameters": [{"name": "locator", "value": "('xpath', '//img[contains(@alt, \"Краторная булка N-200i\")]/parent::a')"}], "start": 1702128383258, "stop": 1702128383273}, {"name": "Найти элемент", "status": "passed", "parameters": [{"name": "locator", "value": "('css selector', 'section[class*=\"BurgerConstructor\"]')"}], "start": 1702128383273, "stop": 1702128383282}], "start": 1702128383258, "stop": 1702128383792}, {"name": "Клик на кнопку \"Оформить заказ\"", "status": "passed", "steps": [{"name": "Кликнуть по элементу", "status": "passed", "steps": [{"name": "Найти элемент", "status": "passed", "parameters": [{"name": "locator", "value": "('xpath', './/button[text()=\"Оформить заказ\"]')"}], "start": 1702128383799, "stop": 1702128383808}], "parameters": [{"name": "locator", "value": "('xpath', './/button[text()=\"Оформить заказ\"]')"}], "start": 1702128383792, "stop": 1702128384019}], "start": 1702128383792, "stop": 1702128384019}, {"name": "Закрыть модальное окно \"Детали ингредиента\"", "status": "passed", "steps": [{"name": "Кликнуть по элементу", "status": "passed", "steps": [{"name": "Найти элемент", "status": "passed", "parameters": [{"name": "locator", "value": "('xpath', '//section[contains(@class, \"Modal_modal_opened\")]//button')"}], "start": 1702128384540, "stop": 1702128384548}], "parameters": [{"name": "locator", "value": "('xpath', '//section[contains(@class, \"Modal_modal_opened\")]//button')"}], "start": 1702128384019, "stop": 1702128384759}], "start": 1702128384019, "stop": 1702128384759}, {"name": "Перейти в раздел \"Личный Кабинет\"", "status": "passed", "steps": [{"name": "Кликнуть по элементу", "status": "passed", "steps": [{"name": "Найти элемент", "status": "passed", "parameters": [{"name": "locator", "value": "('xpath', '//p[contains(text(), \"Личный Кабинет\")]/parent::a')"}], "start": 1702128384772, "stop": 1702128384785}], "parameters": [{"name": "locator", "value": "('xpath', '//p[contains(text(), \"Личный Кабинет\")]/parent::a')"}], "start": 1702128384761, "stop": 1702128385012}], "start": 1702128384759, "stop": 1702128385012}, {"name": "Клик на кнопку \"История заказов\"", "status": "passed", "steps": [{"name": "Кликнуть по элементу", "status": "passed", "steps": [{"name": "Найти элемент", "status": "passed", "parameters": [{"name": "locator", "value": "('css selector', 'a[href*=\"account/order-history\"]')"}], "start": 1702128385530, "stop": 1702128385537}], "parameters": [{"name": "locator", "value": "('css selector', 'a[href*=\"account/order-history\"]')"}], "start": 1702128385012, "stop": 1702128385758}], "start": 1702128385012, "stop": 1702128385758}, {"name": "Получить номер заказа", "status": "broken", "statusDetails": {"message": "selenium.common.exceptions.TimeoutException: Message: \nStacktrace:\nRemoteError@chrome://remote/content/shared/RemoteError.sys.mjs:8:8\nWebDriverError@chrome://remote/content/shared/webdriver/Errors.sys.mjs:189:5\nNoSuchElementError@chrome://remote/content/shared/webdriver/Errors.sys.mjs:507:5\ndom.find/</<@chrome://remote/content/shared/DOM.sys.mjs:132:16\n\n", "trace": "  File \"C:\\Users\\Treater\\AppData\\Local\\Programs\\Python\\Python311\\Lib\\site-packages\\allure_commons\\_allure.py\", line 192, in impl\n    return func(*a, **kw)\n           ^^^^^^^^^^^^^^\n  File \"C:\\Users\\Treater\\PycharmProjects\\Diplom\\Diplom_3\\pages\\stellar_burgers_personal_account_page.py\", line 23, in get_order_id\n    return self.get_element_text(self.order_id)\n           ^^^^^^^^^^^^^^^^^^^^^^^^^^^^^^^^^^^^\n  File \"C:\\Users\\Treater\\AppData\\Local\\Programs\\Python\\Python311\\Lib\\site-packages\\allure_commons\\_allure.py\", line 192, in impl\n    return func(*a, **kw)\n           ^^^^^^^^^^^^^^\n  File \"C:\\Users\\Treater\\PycharmProjects\\Diplom\\Diplom_3\\pages\\base_page.py\", line 68, in get_element_text\n    return self.find_element(locator).text\n           ^^^^^^^^^^^^^^^^^^^^^^^^^^\n  File \"C:\\Users\\Treater\\AppData\\Local\\Programs\\Python\\Python311\\Lib\\site-packages\\allure_commons\\_allure.py\", line 192, in impl\n    return func(*a, **kw)\n           ^^^^^^^^^^^^^^\n  File \"C:\\Users\\Treater\\PycharmProjects\\Diplom\\Diplom_3\\pages\\base_page.py\", line 42, in find_element\n    return WebDriverWait(self.driver, 10).until(\n           ^^^^^^^^^^^^^^^^^^^^^^^^^^^^^^^^^^^^^\n  File \"C:\\Users\\Treater\\AppData\\Local\\Programs\\Python\\Python311\\Lib\\site-packages\\selenium\\webdriver\\support\\wait.py\", line 95, in until\n    raise TimeoutException(message, screen, stacktrace)\n"}, "steps": [{"name": "Получить текст элемента", "status": "broken", "statusDetails": {"message": "selenium.common.exceptions.TimeoutException: Message: \nStacktrace:\nRemoteError@chrome://remote/content/shared/RemoteError.sys.mjs:8:8\nWebDriverError@chrome://remote/content/shared/webdriver/Errors.sys.mjs:189:5\nNoSuchElementError@chrome://remote/content/shared/webdriver/Errors.sys.mjs:507:5\ndom.find/</<@chrome://remote/content/shared/DOM.sys.mjs:132:16\n\n", "trace": "  File \"C:\\Users\\Treater\\AppData\\Local\\Programs\\Python\\Python311\\Lib\\site-packages\\allure_commons\\_allure.py\", line 192, in impl\n    return func(*a, **kw)\n           ^^^^^^^^^^^^^^\n  File \"C:\\Users\\Treater\\PycharmProjects\\Diplom\\Diplom_3\\pages\\base_page.py\", line 68, in get_element_text\n    return self.find_element(locator).text\n           ^^^^^^^^^^^^^^^^^^^^^^^^^^\n  File \"C:\\Users\\Treater\\AppData\\Local\\Programs\\Python\\Python311\\Lib\\site-packages\\allure_commons\\_allure.py\", line 192, in impl\n    return func(*a, **kw)\n           ^^^^^^^^^^^^^^\n  File \"C:\\Users\\Treater\\PycharmProjects\\Diplom\\Diplom_3\\pages\\base_page.py\", line 42, in find_element\n    return WebDriverWait(self.driver, 10).until(\n           ^^^^^^^^^^^^^^^^^^^^^^^^^^^^^^^^^^^^^\n  File \"C:\\Users\\Treater\\AppData\\Local\\Programs\\Python\\Python311\\Lib\\site-packages\\selenium\\webdriver\\support\\wait.py\", line 95, in until\n    raise TimeoutException(message, screen, stacktrace)\n"}, "steps": [{"name": "Найти элемент", "status": "broken", "statusDetails": {"message": "selenium.common.exceptions.TimeoutException: Message: \nStacktrace:\nRemoteError@chrome://remote/content/shared/RemoteError.sys.mjs:8:8\nWebDriverError@chrome://remote/content/shared/webdriver/Errors.sys.mjs:189:5\nNoSuchElementError@chrome://remote/content/shared/webdriver/Errors.sys.mjs:507:5\ndom.find/</<@chrome://remote/content/shared/DOM.sys.mjs:132:16\n\n", "trace": "  File \"C:\\Users\\Treater\\AppData\\Local\\Programs\\Python\\Python311\\Lib\\site-packages\\allure_commons\\_allure.py\", line 192, in impl\n    return func(*a, **kw)\n           ^^^^^^^^^^^^^^\n  File \"C:\\Users\\Treater\\PycharmProjects\\Diplom\\Diplom_3\\pages\\base_page.py\", line 42, in find_element\n    return WebDriverWait(self.driver, 10).until(\n           ^^^^^^^^^^^^^^^^^^^^^^^^^^^^^^^^^^^^^\n  File \"C:\\Users\\Treater\\AppData\\Local\\Programs\\Python\\Python311\\Lib\\site-packages\\selenium\\webdriver\\support\\wait.py\", line 95, in until\n    raise TimeoutException(message, screen, stacktrace)\n"}, "parameters": [{"name": "locator", "value": "('xpath', '(//div[contains(@class, \"OrderHistory\")]/p)[1]')"}], "start": 1702128385758, "stop": 1702128395813}], "parameters": [{"name": "locator", "value": "('xpath', '(//div[contains(@class, \"OrderHistory\")]/p)[1]')"}], "start": 1702128385758, "stop": 1702128395814}], "start": 1702128385758, "stop": 1702128395814}], "parameters": [{"name": "driver", "value": "'firefox'"}], "start": 1702128382151, "stop": 1702128395815, "uuid": "d09692ac-8a7a-495d-bbef-a17cf314be27", "historyId": "4260f564bf0f7629ca6120033809e5b8", "testCaseId": "7ab4b466fdd2378ae31ac4fd78f9fad5", "fullName": "tests.test_list_of_orders.TestListOfOrders#test_check_history_of_orders_in_list_of_orders", "labels": [{"name": "parentSuite", "value": "tests"}, {"name": "suite", "value": "test_list_of_orders"}, {"name": "subSuite", "value": "TestListOfOrders"}, {"name": "host", "value": "DESKTOP-N0JEK12"}, {"name": "thread", "value": "87652-MainThread"}, {"name": "framework", "value": "pytest"}, {"name": "language", "value": "cpython3"}, {"name": "package", "value": "tests.test_list_of_orders"}]}